[2015-05-02 03:01:17] START
[2015-05-02 11:33:44] CREATE db1.py: 0
[2015-05-02 11:35:31] EDIT a/models/db1.py: 38
[2015-05-02 11:58:51] EDIT a/models/menu.py: 0
[2015-05-02 11:59:55] EDIT a/models/menu.py: 0
[2015-05-02 12:03:25] EDIT a/models/menu.py: 4
[2015-05-02 12:12:09] EDIT a/controllers/default.py: 2
[2015-05-02 12:14:16] EDIT a/controllers/default.py: 0
[2015-05-02 12:14:21] EDIT a/controllers/default.py: 0
[2015-05-02 12:14:23] EDIT a/controllers/default.py: 0
[2015-05-02 12:15:37] EDIT a/controllers/default.py: 0
[2015-05-02 12:16:54] EDIT a/controllers/default.py: 1
[2015-05-02 12:18:12] EDIT a/controllers/default.py: 0
[2015-05-02 12:20:53] EDIT a/controllers/default.py: 4
[2015-05-02 12:21:47] EDIT a/controllers/default.py: 2
[2015-05-02 12:23:35] EDIT a/controllers/default.py: 0
[2015-05-02 12:26:27] EDIT a/controllers/default.py: 0
[2015-05-02 12:30:56] EDIT a/controllers/default.py: 0
[2015-05-02 12:31:15] EDIT a/controllers/default.py: 0
[2015-05-02 12:34:38] EDIT a/controllers/default.py: 0
[2015-05-02 12:35:36] EDIT a/controllers/default.py: 0
[2015-05-02 12:40:44] EDIT a/controllers/default.py: 0
[2015-05-02 12:42:16] EDIT a/controllers/default.py: 0
[2015-05-02 12:43:44] EDIT a/controllers/default.py: 0
[2015-05-02 12:50:44] EDIT a/controllers/default.py: 6
[2015-05-02 12:51:14] EDIT a/controllers/default.py: 1
[2015-05-02 12:51:43] EDIT a/controllers/default.py: 0
[2015-05-02 12:52:41] EDIT a/controllers/default.py: 7
[2015-05-02 12:52:53] EDIT a/controllers/default.py: -1
[2015-05-02 12:53:33] EDIT a/controllers/default.py: 0
[2015-05-02 12:58:26] EDIT a/controllers/default.py: 0
[2015-05-02 12:59:37] EDIT a/controllers/default.py: 0
[2015-05-02 13:00:01] EDIT a/controllers/default.py: 0
[2015-05-02 13:13:26] EDIT a/controllers/default.py: 9
[2015-05-02 13:14:39] EDIT a/controllers/default.py: 0
[2015-05-02 13:16:44] EDIT a/controllers/default.py: 0
[2015-05-02 13:20:28] EDIT a/models/db1.py: -30
[2015-05-02 13:20:46] EDIT a/models/db1.py: 0
[2015-05-02 13:21:16] EDIT a/models/db1.py: 0
[2015-05-02 15:04:16] EDIT a/models/db1.py: 5
[2015-05-02 15:08:23] EDIT a/controllers/default.py: 18
[2015-05-02 15:08:29] EDIT a/models/db1.py: 0
[2015-05-02 15:08:29] EDIT a/models/db1.py: 0
[2015-05-02 15:08:29] EDIT a/models/db1.py: 0
[2015-05-02 15:09:39] EDIT a/models/db1.py: 0
[2015-05-02 15:10:32] EDIT a/models/db1.py: 0
[2015-05-02 15:11:26] EDIT a/models/db1.py: 0
[2015-05-02 15:14:47] EDIT a/controllers/default.py: 0
[2015-05-02 15:15:23] EDIT a/controllers/default.py: 0
[2015-05-02 15:40:49] EDIT a/views/default/index.html: -1
[2015-05-02 15:41:27] EDIT a/views/default/index.html: 0
[2015-05-02 15:42:01] EDIT a/views/default/index.html: 0
[2015-05-02 15:43:17] EDIT a/views/default/index.html: -2
[2015-05-02 15:43:43] EDIT a/views/default/index.html: 0
[2015-05-02 15:44:07] EDIT a/views/default/index.html: 2
[2015-05-02 15:44:32] EDIT a/views/default/index.html: 0
[2015-05-02 15:47:01] EDIT a/views/default/index.html: 0
[2015-05-02 15:51:52] EDIT a/views/default/index.html: 1
[2015-05-02 15:52:10] EDIT a/views/default/index.html: 0
[2015-05-02 15:52:21] EDIT a/views/default/index.html: 0
[2015-05-02 15:54:40] EDIT a/views/default/index.html: -1
[2015-05-02 15:55:02] EDIT a/views/default/index.html: 1
[2015-05-02 15:55:25] EDIT a/views/default/index.html: 0
[2015-05-02 15:55:49] EDIT a/views/default/index.html: 0
[2015-05-02 15:57:24] EDIT a/controllers/default.py: -5
[2015-05-02 15:58:00] EDIT a/controllers/default.py: -1
[2015-05-02 15:58:32] EDIT a/controllers/default.py: 0
[2015-05-02 15:58:43] EDIT a/controllers/default.py: 0
[2015-05-02 15:58:56] EDIT a/controllers/default.py: 1
[2015-05-02 15:59:21] EDIT a/controllers/default.py: -1
[2015-05-02 15:59:27] EDIT a/controllers/default.py: -1
[2015-05-02 16:00:02] EDIT a/controllers/default.py: 0
[2015-05-02 16:01:13] EDIT a/controllers/default.py: -1
[2015-05-02 16:01:43] EDIT a/controllers/default.py: 1
[2015-05-02 16:02:54] EDIT a/controllers/default.py: 1
[2015-05-02 16:03:44] EDIT a/controllers/default.py: 0
[2015-05-02 16:07:56] EDIT a/controllers/default.py: 0
[2015-05-02 16:10:01] EDIT a/controllers/default.py: 0
[2015-05-02 16:12:26] EDIT a/controllers/default.py: 1
[2015-05-02 16:13:13] EDIT a/views/default/index.html: 0
[2015-05-02 16:14:03] EDIT a/controllers/default.py: 2
[2015-05-02 16:16:57] EDIT a/models/menu.py: 0
[2015-05-02 16:17:11] EDIT a/models/menu.py: 0
[2015-05-02 16:22:28] EDIT a/models/menu.py: 0
[2015-05-02 16:23:08] EDIT a/models/menu.py: -1
[2015-05-02 21:29:23] EDIT a/controllers/default.py: 1
[2015-05-02 21:44:27] EDIT a/controllers/default.py: 3
[2015-05-02 21:46:31] EDIT a/controllers/default.py: 2
[2015-05-02 21:46:33] EDIT a/controllers/default.py: 0
[2015-05-02 21:46:33] EDIT a/controllers/default.py: 0
[2015-05-02 21:46:33] EDIT a/controllers/default.py: 0
[2015-05-02 21:46:34] EDIT a/controllers/default.py: 0
[2015-05-02 21:46:34] EDIT a/controllers/default.py: 0
[2015-05-02 21:46:35] EDIT a/controllers/default.py: 0
[2015-05-02 21:47:23] EDIT a/controllers/default.py: 0
[2015-05-02 21:51:59] EDIT a/controllers/default.py: 0
[2015-05-02 21:52:06] EDIT a/controllers/default.py: 0
[2015-05-02 21:52:07] EDIT a/controllers/default.py: 0
[2015-05-02 21:52:11] EDIT a/controllers/default.py: 0
[2015-05-02 21:52:15] EDIT a/controllers/default.py: 0
[2015-05-02 21:52:21] EDIT a/controllers/default.py: 0
[2015-05-02 21:52:21] EDIT a/controllers/default.py: 0
[2015-05-02 21:53:20] EDIT a/controllers/default.py: 0
[2015-05-02 21:54:56] EDIT a/controllers/default.py: 0
[2015-05-02 21:55:49] EDIT a/controllers/default.py: 0
[2015-05-02 21:57:03] EDIT a/controllers/default.py: 0
[2015-05-02 21:57:34] EDIT a/controllers/default.py: 0
[2015-05-02 21:57:46] EDIT a/controllers/default.py: 0
[2015-05-02 21:57:47] EDIT a/controllers/default.py: 0
[2015-05-02 21:57:47] EDIT a/controllers/default.py: 0
[2015-05-02 21:57:48] EDIT a/controllers/default.py: 0
[2015-05-02 21:57:48] EDIT a/controllers/default.py: 0
[2015-05-02 21:57:48] EDIT a/controllers/default.py: 0
[2015-05-02 21:58:01] EDIT a/controllers/default.py: 0
[2015-05-02 22:06:51] EDIT a/controllers/default.py: 2
[2015-05-02 22:07:43] EDIT a/controllers/default.py: -1
[2015-05-02 22:08:07] EDIT a/controllers/default.py: 1
[2015-05-02 22:09:37] EDIT a/controllers/default.py: 0
[2015-05-02 22:10:39] EDIT a/controllers/default.py: 0
[2015-05-02 22:13:19] EDIT a/controllers/default.py: 0
[2015-05-02 22:13:53] EDIT a/controllers/default.py: 0
[2015-05-02 22:17:16] EDIT a/models/menu.py: -1
[2015-05-02 22:31:49] EDIT a/models/menu.py: 0
[2015-05-03 11:42:40] EDIT a/models/menu.py: 0
[2015-05-03 11:49:02] CREATE default/search_book.html: 0
[2015-05-03 11:50:23] EDIT a/views/default/search_book.html: 3
[2015-05-03 11:50:44] EDIT a/controllers/default.py: 0
[2015-05-03 11:59:16] EDIT a/controllers/default.py: 0
[2015-05-03 11:59:29] EDIT a/views/default/search_book.html: 0
[2015-05-03 11:59:32] EDIT a/views/default/search_book.html: 0
[2015-05-03 12:14:56] EDIT a/views/default/search_book.html: 0
[2015-05-03 12:15:48] EDIT a/controllers/default.py: 0
[2015-05-03 12:16:09] EDIT a/controllers/default.py: 0
[2015-05-03 12:16:40] EDIT a/controllers/default.py: 0
[2015-05-03 12:17:06] EDIT a/views/default/search_book.html: 0
[2015-05-03 12:19:44] EDIT a/views/default/search_book.html: 0
[2015-05-03 12:24:20] EDIT a/controllers/default.py: 1
[2015-05-03 12:26:31] EDIT a/controllers/default.py: -1
[2015-05-03 12:27:00] EDIT a/views/default/search_book.html: 0
[2015-05-03 12:28:50] EDIT a/controllers/default.py: 0
[2015-05-03 12:28:59] EDIT a/views/default/search_book.html: -1
[2015-05-03 12:30:28] EDIT a/controllers/default.py: 0
[2015-05-03 12:32:23] EDIT a/views/default/search_book.html: 1
[2015-05-03 12:39:17] EDIT a/controllers/default.py: 0
[2015-05-03 12:39:39] EDIT a/views/default/search_book.html: 1
[2015-05-03 12:40:10] EDIT a/views/default/search_book.html: 0
[2015-05-03 12:40:37] EDIT a/views/default/search_book.html: -2
[2015-05-03 12:42:14] EDIT a/controllers/default.py: 0
[2015-05-03 12:44:02] EDIT a/views/default/search_book.html: -3
[2015-05-03 12:45:58] DELETE a/views/default/search_book.html.1: -6
[2015-05-03 12:46:57] DELETE a/views/default/search_book.html: -2
[2015-05-03 12:48:11] CREATE search_book.html: 0
[2015-05-03 12:48:26] DELETE a/views/search_book.html: -3
[2015-05-03 12:48:47] CREATE default/search_book.html: 0
[2015-05-03 12:49:04] EDIT a/views/default/search_book.html: 0
[2015-05-03 12:49:42] EDIT a/views/default/search_book.html: 1
[2015-05-03 12:50:14] EDIT a/controllers/default.py: -1
[2015-05-03 12:50:19] EDIT a/controllers/default.py: 0
[2015-05-03 12:51:02] EDIT a/views/default/search_book.html: -1
[2015-05-03 12:52:11] EDIT a/controllers/default.py: 0
[2015-05-03 12:52:39] EDIT a/controllers/default.py: 0
[2015-05-03 12:52:55] EDIT a/controllers/default.py: 0
[2015-05-03 12:54:44] EDIT a/controllers/default.py: 0
[2015-05-03 12:55:27] EDIT a/controllers/default.py: 0
[2015-05-03 13:10:23] EDIT a/controllers/default.py: 12
[2015-05-03 13:10:46] EDIT a/controllers/default.py: 0
[2015-05-03 13:10:56] EDIT a/controllers/default.py: 0
[2015-05-03 13:12:03] EDIT a/controllers/default.py: 0
[2015-05-03 13:15:46] EDIT a/views/default/search_book.html: 23
[2015-05-03 13:17:39] EDIT a/controllers/default.py: 0
[2015-05-03 13:19:34] EDIT a/controllers/default.py: -2
[2015-05-03 13:20:22] EDIT a/controllers/default.py: 0
[2015-05-03 13:21:28] EDIT a/controllers/default.py: 0
[2015-05-03 13:21:49] EDIT a/controllers/default.py: 0
[2015-05-03 13:22:44] EDIT a/controllers/default.py: 0
[2015-05-03 13:23:11] EDIT a/controllers/default.py: 0
[2015-05-03 14:42:16] EDIT a/views/default/search_book.html: -2
[2015-05-03 14:43:19] EDIT a/controllers/default.py: 0
[2015-05-03 14:46:14] EDIT a/controllers/default.py: 0
[2015-05-03 14:46:44] EDIT a/views/default/search_book.html: 0
[2015-05-03 14:47:54] EDIT a/views/default/search_book.html: -1
[2015-05-03 14:50:10] EDIT a/controllers/default.py: -1
[2015-05-03 14:50:21] EDIT a/controllers/default.py: 0
[2015-05-03 14:50:25] EDIT a/controllers/default.py: 0
[2015-05-03 14:51:11] EDIT a/controllers/default.py: 0
[2015-05-03 15:07:14] EDIT a/views/default/search_book.html: 2
[2015-05-03 19:37:10] EDIT a/views/default/search_book.html: 27
[2015-05-03 19:37:24] EDIT a/controllers/default.py: 10
[2015-05-03 19:37:25] EDIT a/controllers/default.py: 0
[2015-05-03 19:37:42] EDIT a/controllers/default.py: 0
[2015-05-03 19:38:14] EDIT a/views/default/search_book.html: 0
[2015-05-03 19:39:57] EDIT a/views/default/search_book.html: 0
[2015-05-03 19:40:57] EDIT a/controllers/default.py: 0
[2015-05-03 19:40:57] EDIT a/controllers/default.py: 0
[2015-05-03 19:40:58] EDIT a/controllers/default.py: 0
[2015-05-03 19:40:58] EDIT a/controllers/default.py: 0
[2015-05-03 19:45:26] EDIT a/controllers/default.py: 0
[2015-05-03 19:45:26] EDIT a/controllers/default.py: 0
[2015-05-03 20:49:37] EDIT a/models/menu.py: 0
[2015-05-03 21:45:07] EDIT a/controllers/default.py: 0
[2015-05-03 21:49:46] EDIT a/views/default/search_book.html: -25
[2015-05-03 21:51:09] EDIT a/controllers/default.py: -1
[2015-05-03 21:52:24] EDIT a/controllers/default.py: 1
[2015-05-03 21:53:08] EDIT a/views/default/search_book.html: -4
[2015-05-03 21:54:15] EDIT a/controllers/default.py: 0
[2015-05-03 21:54:40] EDIT a/controllers/default.py: 0
[2015-05-03 21:55:09] EDIT a/controllers/default.py: 0
[2015-05-03 21:56:49] EDIT a/controllers/default.py: -3
[2015-05-03 21:57:15] EDIT a/views/default/search_book.html: 4
[2015-05-03 21:57:39] EDIT a/views/default/search_book.html: -4
[2015-05-03 21:58:10] EDIT a/views/default/search_book.html: 0
[2015-05-03 21:58:38] EDIT a/views/default/search_book.html: 4
[2015-05-03 21:59:07] EDIT a/views/default/search_book.html: -4
[2015-05-03 21:59:46] EDIT a/views/default/search_book.html: 4
[2015-05-03 22:03:47] EDIT a/controllers/default.py: 7
[2015-05-03 22:05:06] EDIT a/controllers/default.py: 0
[2015-05-03 22:05:47] EDIT a/controllers/default.py: 0
[2015-05-03 22:10:36] EDIT a/views/default/search_book.html: 2
[2015-05-03 22:11:21] EDIT a/views/default/search_book.html: 0
[2015-05-03 22:13:06] EDIT a/controllers/default.py: 0
[2015-05-03 22:13:37] EDIT a/controllers/default.py: 0
[2015-05-03 22:14:37] EDIT a/controllers/default.py: -2
[2015-05-03 22:22:23] EDIT a/views/default/search_book.html: 1
[2015-05-03 22:24:48] EDIT a/views/default/search_book.html: 0
[2015-05-03 22:28:28] EDIT a/views/default/search_book.html: 4
[2015-05-03 22:30:29] EDIT a/views/default/search_book.html: 0
[2015-05-03 22:31:41] EDIT a/views/default/search_book.html: 2
[2015-05-03 22:31:50] EDIT a/views/default/search_book.html: 0
[2015-05-03 22:32:03] EDIT a/views/default/search_book.html: 0
[2015-05-03 22:34:06] EDIT a/views/default/search_book.html: 0
[2015-05-03 22:34:08] EDIT a/views/default/search_book.html: 0
[2015-05-03 22:35:26] EDIT a/views/default/search_book.html: 0
[2015-05-03 22:36:00] EDIT a/views/default/search_book.html: -6
[2015-05-03 22:36:38] EDIT a/views/default/search_book.html: 0
[2015-05-03 22:47:37] EDIT a/models/db1.py: 0
[2015-05-03 23:26:59] CREATE default/add_book.html: 0
[2015-05-03 23:28:02] EDIT a/views/default/add_book.html: 2
[2015-05-03 23:32:04] EDIT a/controllers/default.py: 2
[2015-05-03 23:32:19] EDIT a/controllers/default.py: 0
[2015-05-03 23:33:07] EDIT a/controllers/default.py: 0
[2015-05-03 23:39:28] EDIT a/models/db.py: 0
[2015-05-03 23:55:51] EDIT a/models/db.py: 0
[2015-05-03 23:55:51] EDIT a/models/db.py: 0
[2015-05-03 23:55:51] EDIT a/models/db.py: 0
[2015-05-03 23:55:52] EDIT a/models/db.py: 0
[2015-05-03 23:55:52] EDIT a/models/db.py: 0
[2015-05-03 23:55:52] EDIT a/models/db.py: 0
[2015-05-04 03:10:47] EDIT a/models/db.py: 2
[2015-05-04 03:12:22] EDIT a/models/db.py: 0
[2015-05-04 03:12:54] EDIT a/models/db.py: 0
[2015-05-04 03:13:15] EDIT a/models/db.py: 0
[2015-05-04 03:13:35] EDIT a/models/db.py: -2
[2015-05-04 10:36:01] EDIT a/models/db.py: 2
[2015-05-04 10:46:46] EDIT a/controllers/default.py: 15
[2015-05-04 10:53:30] EDIT a/models/db1.py: 0
[2015-05-04 10:56:06] EDIT a/models/db1.py: 0
[2015-05-04 10:59:14] EDIT a/models/db1.py: 0
[2015-05-04 11:01:30] EDIT a/models/db1.py: -1
[2015-05-04 11:02:00] EDIT a/controllers/default.py: -1
[2015-05-04 11:05:24] EDIT a/views/default/index.html: -7
[2015-05-04 11:06:01] EDIT a/views/default/index.html: 1
[2015-05-04 11:07:12] EDIT a/models/menu.py: -1
[2015-05-04 11:14:23] EDIT a/controllers/default.py: 0
[2015-05-04 11:14:43] EDIT a/controllers/default.py: 0
[2015-05-04 11:16:46] EDIT a/models/menu.py: 0
[2015-05-04 11:27:21] EDIT Portail_Library/models/menu.py: 0
[2015-05-04 11:27:37] EDIT Portail_Library/models/menu.py: 0
[2015-05-04 11:28:43] EDIT Portail_Library/controllers/default.py: 0
[2015-05-04 11:39:18] EDIT Portail_Library/controllers/default.py: 0
[2015-05-04 11:39:52] EDIT Portail_Library/controllers/default.py: 1
[2015-05-04 11:40:49] EDIT Portail_Library/controllers/default.py: -1
[2015-05-04 11:41:47] EDIT Portail_Library/controllers/default.py: 14
[2015-05-04 11:44:40] EDIT Portail_Library/controllers/default.py: -14
[2015-05-04 11:45:14] EDIT Portail_Library/controllers/default.py: 0
[2015-05-04 11:45:29] EDIT Portail_Library/views/default/search_book.html: 0
[2015-05-04 11:53:13] EDIT Portail_Library/models/db1.py: 7
[2015-05-04 11:54:20] EDIT Portail_Library/models/db1.py: 0
[2015-05-04 11:56:26] EDIT Portail_Library/controllers/default.py: 9
[2015-05-04 11:56:56] EDIT Portail_Library/controllers/default.py: 1
[2015-05-04 11:57:57] EDIT Portail_Library/models/db1.py: 0
[2015-05-04 11:59:51] EDIT Portail_Library/models/db1.py: 0
[2015-05-04 12:00:12] EDIT Portail_Library/models/db1.py: 0
[2015-05-04 12:00:23] EDIT Portail_Library/models/db1.py: 0
[2015-05-04 12:03:24] EDIT Portail_Library/models/db1.py: -2
[2015-05-04 12:04:23] EDIT Portail_Library/models/db1.py: 0
[2015-05-04 12:06:17] EDIT Portail_Library/controllers/default.py: -3
[2015-05-04 12:07:38] EDIT Portail_Library/models/db1.py: -2
[2015-05-04 12:08:37] EDIT Portail_Library/controllers/default.py: 3
[2015-05-04 12:08:42] EDIT Portail_Library/controllers/default.py: 0
[2015-05-04 15:28:19] EDIT Portail_Library/models/menu.py: 2
[2015-05-04 15:29:28] EDIT Portail_Library/models/menu.py: 0
[2015-05-04 15:35:00] EDIT Portail_Library/models/db1.py: 3
[2015-05-04 15:35:32] EDIT Portail_Library/models/db1.py: 0
[2015-05-04 15:36:14] EDIT Portail_Library/models/db1.py: -1
[2015-05-04 15:36:44] EDIT Portail_Library/controllers/appadmin.py: 0
[2015-05-04 15:36:48] EDIT Portail_Library/controllers/default.py: 0
[2015-05-04 15:36:50] EDIT Portail_Library/views/default/add_book.html: 0
[2015-05-04 15:36:53] EDIT Portail_Library/views/appadmin.html: 0
[2015-05-04 15:36:56] EDIT Portail_Library/views/default/index.html: 0
[2015-05-04 15:36:58] EDIT Portail_Library/views/default/search_book.html: 0
[2015-05-04 15:37:02] EDIT Portail_Library/views/default/user.html: 0
[2015-05-04 15:38:23] EDIT Portail_Library/models/db1.py: 1
[2015-05-04 15:38:29] EDIT Portail_Library/models/db1.py: 0
[2015-05-04 15:38:31] EDIT Portail_Library/models/db1.py: 0
[2015-05-04 15:38:35] EDIT Portail_Library/models/db1.py: 0
[2015-05-04 15:38:55] EDIT Portail_Library/models/db1.py: -1
[2015-05-04 16:01:24] EDIT Portail_Library/controllers/default.py: 3
[2015-05-04 16:10:54] EDIT Portail_Library/controllers/default.py: 0
[2015-05-04 18:50:18] EDIT Portail_Library/models/db1.py: 1
[2015-05-04 18:52:08] EDIT Portail_Library/models/db1.py: 0
[2015-05-04 18:52:15] EDIT Portail_Library/controllers/default.py: 0
[2015-05-04 18:53:41] EDIT Portail_Library/views/default/search_book.html: 0
[2015-05-04 18:53:50] EDIT Portail_Library/views/default/search_book.html: 0
[2015-05-04 18:54:12] EDIT Portail_Library/controllers/default.py: 0
[2015-05-04 18:56:16] CREATE default/Issued.html: 0
[2015-05-04 18:57:05] EDIT Portail_Library/views/default/Issued.html: 2
[2015-05-04 18:57:50] EDIT Portail_Library/models/db1.py: 0
[2015-05-04 19:11:31] EDIT Portail_Library/views/default/search_book.html: 5
[2015-05-04 19:11:32] EDIT Portail_Library/views/default/search_book.html: 0
[2015-05-04 19:14:16] EDIT Portail_Library/controllers/default.py: -27
[2015-05-04 19:14:30] EDIT Portail_Library/controllers/default.py: -1
[2015-05-04 19:15:20] EDIT Portail_Library/controllers/default.py: 0
[2015-05-04 19:17:03] EDIT Portail_Library/controllers/default.py: 0
[2015-05-04 19:18:43] EDIT Portail_Library/views/default/search_book.html: 3
[2015-05-04 19:19:51] EDIT Portail_Library/views/default/search_book.html: 0
[2015-05-04 19:33:50] EDIT Portail_Library/views/default/search_book.html: -8
[2015-05-04 19:46:36] EDIT Portail_Library/views/default/search_book.html: 0
